<?xml version="1.0" encoding="UTF-8"?>
<testng-results ignored="0" total="1" passed="1" failed="0" skipped="0">
  <reporter-output>
  </reporter-output>
  <suite started-at="2021-06-05T13:39:20Z" name="Default suite" finished-at="2021-06-05T13:39:29Z" duration-ms="9366">
    <groups>
    </groups>
    <test started-at="2021-06-05T13:39:20Z" name="Default test" finished-at="2021-06-05T13:39:29Z" duration-ms="9366">
      <class name="com.google.GoogleeTest">
        <test-method is-config="true" signature="beforeTest()[pri:0, instance:com.google.GoogleeTest@19e7a160]" started-at="2021-06-05T13:39:20Z" name="beforeTest" finished-at="2021-06-05T13:39:20Z" duration-ms="18" status="PASS">
          <reporter-output>
          </reporter-output>
        </test-method> <!-- beforeTest -->
        <test-method signature="f()[pri:0, instance:com.google.GoogleeTest@19e7a160]" started-at="2021-06-05T13:39:20Z" name="f" finished-at="2021-06-05T13:39:29Z" duration-ms="9324" status="PASS">
          <reporter-output>
          </reporter-output>
        </test-method> <!-- f -->
        <test-method is-config="true" signature="afterTest()[pri:0, instance:com.google.GoogleeTest@19e7a160]" started-at="2021-06-05T13:39:29Z" name="afterTest" finished-at="2021-06-05T13:39:29Z" duration-ms="1" status="PASS">
          <reporter-output>
          </reporter-output>
        </test-method> <!-- afterTest -->
      </class> <!-- com.google.GoogleeTest -->
    </test> <!-- Default test -->
  </suite> <!-- Default suite -->
</testng-results>
